2025-7-2 16:05:20-log: Cannot access game frame or container.
2025-7-2 16:05:20-debug: asset-db:require-engine-code (952ms)
2025-7-2 16:05:20-log: meshopt wasm decoder initialized
2025-7-2 16:05:20-log: [box2d]:box2d wasm lib loaded.
2025-7-2 16:05:20-log: [bullet]:bullet wasm lib loaded.
2025-7-2 16:05:20-log: Cocos Creator v3.8.3
2025-7-2 16:05:22-debug: [Assets Memory track]: asset-db-plugin-register: engine-extends start:204.99MB, end 207.97MB, increase: 2.99MB
2025-7-2 16:05:22-debug: [Assets Memory track]: asset-db-plugin-register: project start:78.48MB, end 208.04MB, increase: 129.56MB
2025-7-2 16:05:20-debug: [Assets Memory track]: asset-db:worker-init: initEngine start:26.01MB, end 77.73MB, increase: 51.72MB
2025-7-2 16:05:22-debug: [Assets Memory track]: asset-db:worker-init: initPlugin start:77.74MB, end 208.06MB, increase: 130.32MB
2025-7-2 16:05:20-debug: [Assets Memory track]: asset-db-plugin-register: programming start:78.61MB, end 82.11MB, increase: 3.50MB
2025-7-2 16:05:22-debug: [Assets Memory track]: asset-db-plugin-register: builder start:82.13MB, end 204.77MB, increase: 122.63MB
2025-7-2 16:05:22-debug: asset-db:worker-init: initPlugin (1371ms)
2025-7-2 16:05:22-debug: [Assets Memory track]: asset-db:worker-init start:26.00MB, end 208.12MB, increase: 182.12MB
2025-7-2 16:05:22-debug: Run asset db hook programming:beforePreStart success!
2025-7-2 16:05:22-debug: Run asset db hook engine-extends:beforePreStart success!
2025-7-2 16:05:22-debug: Run asset db hook programming:beforePreStart ...
2025-7-2 16:05:22-debug: Run asset db hook engine-extends:beforePreStart ...
2025-7-2 16:05:22-debug: asset-db:worker-init (2575ms)
2025-7-2 16:05:22-debug: asset-db-hook-programming-beforePreStart (68ms)
2025-7-2 16:05:22-debug: asset-db-hook-engine-extends-beforePreStart (68ms)
2025-7-2 16:05:22-debug: Preimport db internal success
2025-7-2 16:05:22-debug: starting packer-driver...
2025-7-2 16:05:22-debug: Run asset db hook programming:afterPreStart ...
2025-7-2 16:05:22-debug: Preimport db assets success
2025-7-2 16:05:22-debug: initialize scripting environment...
2025-7-2 16:05:22-debug: Set detail map pack:///resolution-detail-map.json: {}
2025-7-2 16:05:22-debug: Run asset db hook programming:afterPreStart success!
2025-7-2 16:05:22-debug: Run asset db hook engine-extends:afterPreStart success!
2025-7-2 16:05:22-debug: Run asset db hook engine-extends:afterPreStart ...
2025-7-2 16:05:22-debug: Start up the 'internal' database...
2025-7-2 16:05:22-debug: asset-db-hook-programming-afterPreStart (578ms)
2025-7-2 16:05:22-debug: asset-db:worker-effect-data-processing (204ms)
2025-7-2 16:05:22-debug: asset-db-hook-engine-extends-afterPreStart (204ms)
2025-7-2 16:05:22-debug: [Assets Memory track]: asset-db:worker-startup-database[internal] start:208.17MB, end 222.98MB, increase: 14.81MB
2025-7-2 16:05:22-debug: Start up the 'assets' database...
2025-7-2 16:05:22-debug: asset-db:worker-startup-database[internal] (731ms)
2025-7-2 16:05:22-debug: %cImport%c: D:\Work\Jenkins_Test\assets\resources\AppConfig.jsonbackground: #aaff85; color: #000;color: #000;
2025-7-2 16:05:22-debug: [Assets Memory track]: asset-db:worker-startup-database[assets] start:207.93MB, end 220.03MB, increase: 12.10MB
2025-7-2 16:05:22-debug: lazy register asset handler directory
2025-7-2 16:05:22-debug: [Assets Memory track]: asset-db:worker-init: startup start:208.71MB, end 220.03MB, increase: 11.32MB
2025-7-2 16:05:22-debug: lazy register asset handler json
2025-7-2 16:05:22-debug: lazy register asset handler text
2025-7-2 16:05:22-debug: lazy register asset handler spine-data
2025-7-2 16:05:22-debug: lazy register asset handler dragonbones
2025-7-2 16:05:22-debug: lazy register asset handler dragonbones-atlas
2025-7-2 16:05:22-debug: lazy register asset handler javascript
2025-7-2 16:05:22-debug: lazy register asset handler typescript
2025-7-2 16:05:22-debug: lazy register asset handler scene
2025-7-2 16:05:22-debug: lazy register asset handler terrain
2025-7-2 16:05:22-debug: lazy register asset handler prefab
2025-7-2 16:05:22-debug: lazy register asset handler sprite-frame
2025-7-2 16:05:22-debug: lazy register asset handler buffer
2025-7-2 16:05:22-debug: lazy register asset handler tiled-map
2025-7-2 16:05:22-debug: lazy register asset handler sign-image
2025-7-2 16:05:22-debug: lazy register asset handler alpha-image
2025-7-2 16:05:22-debug: lazy register asset handler *
2025-7-2 16:05:22-debug: lazy register asset handler image
2025-7-2 16:05:22-debug: lazy register asset handler texture
2025-7-2 16:05:22-debug: lazy register asset handler render-texture
2025-7-2 16:05:22-debug: lazy register asset handler texture-cube-face
2025-7-2 16:05:22-debug: lazy register asset handler rt-sprite-frame
2025-7-2 16:05:22-debug: lazy register asset handler texture-cube
2025-7-2 16:05:22-debug: lazy register asset handler gltf-mesh
2025-7-2 16:05:22-debug: lazy register asset handler gltf-animation
2025-7-2 16:05:22-debug: lazy register asset handler gltf-skeleton
2025-7-2 16:05:22-debug: lazy register asset handler erp-texture-cube
2025-7-2 16:05:22-debug: lazy register asset handler gltf
2025-7-2 16:05:22-debug: lazy register asset handler gltf-material
2025-7-2 16:05:22-debug: lazy register asset handler fbx
2025-7-2 16:05:22-debug: lazy register asset handler gltf-embeded-image
2025-7-2 16:05:22-debug: lazy register asset handler material
2025-7-2 16:05:22-debug: lazy register asset handler physics-material
2025-7-2 16:05:22-debug: lazy register asset handler gltf-scene
2025-7-2 16:05:22-debug: lazy register asset handler effect
2025-7-2 16:05:22-debug: lazy register asset handler effect-header
2025-7-2 16:05:22-debug: lazy register asset handler audio-clip
2025-7-2 16:05:22-debug: lazy register asset handler animation-graph-variant
2025-7-2 16:05:22-debug: lazy register asset handler animation-mask
2025-7-2 16:05:22-debug: lazy register asset handler ttf-font
2025-7-2 16:05:22-debug: lazy register asset handler bitmap-font
2025-7-2 16:05:22-debug: lazy register asset handler animation-graph
2025-7-2 16:05:22-debug: lazy register asset handler sprite-atlas
2025-7-2 16:05:22-debug: lazy register asset handler auto-atlas
2025-7-2 16:05:22-debug: lazy register asset handler label-atlas
2025-7-2 16:05:22-debug: lazy register asset handler render-pipeline
2025-7-2 16:05:22-debug: lazy register asset handler render-stage
2025-7-2 16:05:22-debug: lazy register asset handler animation-clip
2025-7-2 16:05:22-debug: lazy register asset handler render-flow
2025-7-2 16:05:22-debug: lazy register asset handler instantiation-material
2025-7-2 16:05:22-debug: lazy register asset handler instantiation-mesh
2025-7-2 16:05:22-debug: lazy register asset handler instantiation-animation
2025-7-2 16:05:22-debug: lazy register asset handler instantiation-skeleton
2025-7-2 16:05:22-debug: lazy register asset handler particle
2025-7-2 16:05:22-debug: lazy register asset handler video-clip
2025-7-2 16:05:22-debug: asset-db:worker-startup-database[assets] (676ms)
2025-7-2 16:05:22-debug: asset-db:start-database (773ms)
2025-7-2 16:05:22-debug: asset-db:ready (7335ms)
2025-7-2 16:05:22-debug: init worker message success
2025-7-2 16:05:22-debug: programming:execute-script (5ms)
2025-7-2 16:05:23-debug: [Build Memory track]: builder:worker-init start:223.36MB, end 234.08MB, increase: 10.72MB
2025-7-2 16:05:23-debug: builder:worker-init (375ms)
