2025-7-2 16:50:22-log: Cannot access game frame or container.
2025-7-2 16:50:22-debug: asset-db:require-engine-code (952ms)
2025-7-2 16:50:22-log: meshopt wasm decoder initialized
2025-7-2 16:50:22-log: [box2d]:box2d wasm lib loaded.
2025-7-2 16:50:22-log: [bullet]:bullet wasm lib loaded.
2025-7-2 16:50:22-log: Cocos Creator v3.8.3
2025-7-2 16:50:22-debug: [Assets Memory track]: asset-db:worker-init: initEngine start:23.85MB, end 77.59MB, increase: 53.74MB
2025-7-2 16:50:24-debug: [Assets Memory track]: asset-db-plugin-register: builder start:81.99MB, end 203.54MB, increase: 121.54MB
2025-7-2 16:50:24-debug: [Assets Memory track]: asset-db-plugin-register: engine-extends start:203.83MB, end 206.93MB, increase: 3.10MB
2025-7-2 16:50:24-debug: [Assets Memory track]: asset-db:worker-init: initPlugin start:77.59MB, end 207.02MB, increase: 129.42MB
2025-7-2 16:50:24-debug: [Assets Memory track]: asset-db-plugin-register: project start:78.36MB, end 207.00MB, increase: 128.64MB
2025-7-2 16:50:23-debug: [Assets Memory track]: asset-db-plugin-register: programming start:78.50MB, end 81.98MB, increase: 3.48MB
2025-7-2 16:50:24-debug: asset-db:worker-init: initPlugin (1310ms)
2025-7-2 16:50:24-debug: [Assets Memory track]: asset-db:worker-init start:23.84MB, end 207.08MB, increase: 183.23MB
2025-7-2 16:50:24-debug: Run asset db hook programming:beforePreStart success!
2025-7-2 16:50:24-debug: Run asset db hook engine-extends:beforePreStart ...
2025-7-2 16:50:24-debug: Run asset db hook programming:beforePreStart ...
2025-7-2 16:50:24-debug: Run asset db hook engine-extends:beforePreStart success!
2025-7-2 16:50:24-debug: asset-db-hook-programming-beforePreStart (68ms)
2025-7-2 16:50:24-debug: asset-db:worker-init (2573ms)
2025-7-2 16:50:24-debug: asset-db-hook-engine-extends-beforePreStart (68ms)
2025-7-2 16:50:24-debug: Preimport db internal success
2025-7-2 16:50:24-debug: %cImport%c: D:\Work\Jenkins_Test\assets\scriptsbackground: #aaff85; color: #000;color: #000;
2025-7-2 16:50:24-debug: %cImport%c: D:\Work\Jenkins_Test\assets\scripts\GameDef.tsbackground: #aaff85; color: #000;color: #000;
2025-7-2 16:50:24-debug: %cImport%c: D:\Work\Jenkins_Test\assets\scenebackground: #aaff85; color: #000;color: #000;
2025-7-2 16:50:24-debug: %cImport%c: D:\Work\Jenkins_Test\assets\resourcesbackground: #aaff85; color: #000;color: #000;
2025-7-2 16:50:24-debug: Preimport db assets success
2025-7-2 16:50:24-debug: Run asset db hook programming:afterPreStart ...
2025-7-2 16:50:24-debug: starting packer-driver...
2025-7-2 16:50:24-debug: initialize scripting environment...
2025-7-2 16:50:24-debug: Set detail map pack:///resolution-detail-map.json: {}
2025-7-2 16:50:24-debug: Run asset db hook engine-extends:afterPreStart ...
2025-7-2 16:50:24-debug: Run asset db hook programming:afterPreStart success!
2025-7-2 16:50:24-debug: Run asset db hook engine-extends:afterPreStart success!
2025-7-2 16:50:24-debug: Start up the 'internal' database...
2025-7-2 16:50:24-debug: [Assets Memory track]: asset-db:worker-init: preStart start:207.08MB, end 208.09MB, increase: 1.00MB
2025-7-2 16:50:25-debug: asset-db-hook-programming-afterPreStart (713ms)
2025-7-2 16:50:25-debug: asset-db:worker-effect-data-processing (209ms)
2025-7-2 16:50:25-debug: asset-db-hook-engine-extends-afterPreStart (209ms)
2025-7-2 16:50:25-debug: Start up the 'assets' database...
2025-7-2 16:50:25-debug: [Assets Memory track]: asset-db:worker-startup-database[internal] start:207.13MB, end 217.30MB, increase: 10.17MB
2025-7-2 16:50:25-debug: %cImport%c: D:\Work\Jenkins_Test\assets\AppConfig.jsonbackground: #aaff85; color: #000;color: #000;
2025-7-2 16:50:25-debug: %cImport%c: D:\Work\Jenkins_Test\assets\resources\AppConfig.jsonbackground: #aaff85; color: #000;color: #000;
2025-7-2 16:50:25-debug: asset-db:worker-startup-database[internal] (871ms)
2025-7-2 16:50:25-debug: %cImport%c: D:\Work\Jenkins_Test\assets\scene\main.scenebackground: #aaff85; color: #000;color: #000;
2025-7-2 16:50:25-debug: [Assets Memory track]: asset-db:worker-startup-database[assets] start:207.18MB, end 220.36MB, increase: 13.19MB
2025-7-2 16:50:25-debug: [Assets Memory track]: asset-db:worker-init: startup start:208.09MB, end 220.37MB, increase: 12.28MB
2025-7-2 16:50:25-debug: lazy register asset handler *
2025-7-2 16:50:25-debug: lazy register asset handler directory
2025-7-2 16:50:25-debug: lazy register asset handler spine-data
2025-7-2 16:50:25-debug: lazy register asset handler dragonbones
2025-7-2 16:50:25-debug: lazy register asset handler dragonbones-atlas
2025-7-2 16:50:25-debug: lazy register asset handler terrain
2025-7-2 16:50:25-debug: lazy register asset handler json
2025-7-2 16:50:25-debug: lazy register asset handler text
2025-7-2 16:50:25-debug: lazy register asset handler typescript
2025-7-2 16:50:25-debug: lazy register asset handler scene
2025-7-2 16:50:25-debug: lazy register asset handler javascript
2025-7-2 16:50:25-debug: lazy register asset handler sprite-frame
2025-7-2 16:50:25-debug: lazy register asset handler prefab
2025-7-2 16:50:25-debug: lazy register asset handler tiled-map
2025-7-2 16:50:25-debug: lazy register asset handler image
2025-7-2 16:50:25-debug: lazy register asset handler sign-image
2025-7-2 16:50:25-debug: lazy register asset handler alpha-image
2025-7-2 16:50:25-debug: lazy register asset handler texture-cube
2025-7-2 16:50:25-debug: lazy register asset handler erp-texture-cube
2025-7-2 16:50:25-debug: lazy register asset handler buffer
2025-7-2 16:50:25-debug: lazy register asset handler texture
2025-7-2 16:50:25-debug: lazy register asset handler texture-cube-face
2025-7-2 16:50:25-debug: lazy register asset handler rt-sprite-frame
2025-7-2 16:50:25-debug: lazy register asset handler gltf-mesh
2025-7-2 16:50:25-debug: lazy register asset handler render-texture
2025-7-2 16:50:25-debug: lazy register asset handler gltf-skeleton
2025-7-2 16:50:25-debug: lazy register asset handler gltf
2025-7-2 16:50:25-debug: lazy register asset handler gltf-material
2025-7-2 16:50:25-debug: lazy register asset handler gltf-embeded-image
2025-7-2 16:50:25-debug: lazy register asset handler gltf-scene
2025-7-2 16:50:25-debug: lazy register asset handler gltf-animation
2025-7-2 16:50:25-debug: lazy register asset handler effect
2025-7-2 16:50:25-debug: lazy register asset handler fbx
2025-7-2 16:50:25-debug: lazy register asset handler effect-header
2025-7-2 16:50:25-debug: lazy register asset handler material
2025-7-2 16:50:25-debug: lazy register asset handler physics-material
2025-7-2 16:50:25-debug: lazy register asset handler animation-clip
2025-7-2 16:50:25-debug: lazy register asset handler animation-graph-variant
2025-7-2 16:50:25-debug: lazy register asset handler animation-graph
2025-7-2 16:50:25-debug: lazy register asset handler ttf-font
2025-7-2 16:50:25-debug: lazy register asset handler audio-clip
2025-7-2 16:50:25-debug: lazy register asset handler particle
2025-7-2 16:50:25-debug: lazy register asset handler animation-mask
2025-7-2 16:50:25-debug: lazy register asset handler bitmap-font
2025-7-2 16:50:25-debug: lazy register asset handler sprite-atlas
2025-7-2 16:50:25-debug: lazy register asset handler auto-atlas
2025-7-2 16:50:25-debug: lazy register asset handler label-atlas
2025-7-2 16:50:25-debug: lazy register asset handler render-stage
2025-7-2 16:50:25-debug: lazy register asset handler render-pipeline
2025-7-2 16:50:25-debug: lazy register asset handler instantiation-material
2025-7-2 16:50:25-debug: lazy register asset handler instantiation-skeleton
2025-7-2 16:50:25-debug: lazy register asset handler instantiation-animation
2025-7-2 16:50:25-debug: lazy register asset handler video-clip
2025-7-2 16:50:25-debug: lazy register asset handler render-flow
2025-7-2 16:50:25-debug: lazy register asset handler instantiation-mesh
2025-7-2 16:50:25-debug: asset-db:worker-startup-database[assets] (818ms)
2025-7-2 16:50:25-debug: asset-db:start-database (913ms)
2025-7-2 16:50:25-debug: asset-db:ready (7487ms)
2025-7-2 16:50:25-debug: init worker message success
2025-7-2 16:50:25-debug: [Build Memory track]: builder:worker-init start:222.70MB, end 233.18MB, increase: 10.48MB
2025-7-2 16:50:25-debug: programming:execute-script (7ms)
2025-7-2 16:50:25-debug: builder:worker-init (369ms)
