2025-7-2 16:29:49-log: Cannot access game frame or container.
2025-7-2 16:29:50-debug: asset-db:require-engine-code (939ms)
2025-7-2 16:29:50-log: meshopt wasm decoder initialized
2025-7-2 16:29:50-log: [box2d]:box2d wasm lib loaded.
2025-7-2 16:29:50-log: [bullet]:bullet wasm lib loaded.
2025-7-2 16:29:50-log: Cocos Creator v3.8.3
2025-7-2 16:29:50-debug: [Assets Memory track]: asset-db:worker-init: initEngine start:23.83MB, end 77.23MB, increase: 53.40MB
2025-7-2 16:29:51-debug: [Assets Memory track]: asset-db-plugin-register: builder start:81.20MB, end 178.73MB, increase: 97.53MB
2025-7-2 16:29:50-debug: [Assets Memory track]: asset-db-plugin-register: programming start:78.12MB, end 81.18MB, increase: 3.06MB
2025-7-2 16:29:51-debug: [Assets Memory track]: asset-db-plugin-register: project start:77.97MB, end 174.54MB, increase: 96.57MB
2025-7-2 16:29:51-debug: [Assets Memory track]: asset-db:worker-init: initPlugin start:77.23MB, end 174.56MB, increase: 97.32MB
2025-7-2 16:29:51-debug: asset-db:worker-init: initPlugin (1278ms)
2025-7-2 16:29:51-debug: [Assets Memory track]: asset-db:worker-init start:23.82MB, end 174.61MB, increase: 150.79MB
2025-7-2 16:29:51-debug: Run asset db hook programming:beforePreStart success!
2025-7-2 16:29:51-debug: Run asset db hook engine-extends:beforePreStart ...
2025-7-2 16:29:51-debug: Run asset db hook programming:beforePreStart ...
2025-7-2 16:29:51-debug: Run asset db hook engine-extends:beforePreStart success!
2025-7-2 16:29:51-debug: asset-db:worker-init (2479ms)
2025-7-2 16:29:51-debug: asset-db-hook-engine-extends-beforePreStart (63ms)
2025-7-2 16:29:51-debug: asset-db-hook-programming-beforePreStart (63ms)
2025-7-2 16:29:52-debug: Preimport db internal success
2025-7-2 16:29:52-debug: Preimport db assets success
2025-7-2 16:29:52-debug: Run asset db hook programming:afterPreStart ...
2025-7-2 16:29:52-debug: starting packer-driver...
2025-7-2 16:29:52-debug: initialize scripting environment...
2025-7-2 16:29:52-debug: Set detail map pack:///resolution-detail-map.json: {}
2025-7-2 16:29:52-debug: Run asset db hook engine-extends:afterPreStart ...
2025-7-2 16:29:52-debug: Run asset db hook programming:afterPreStart success!
2025-7-2 16:29:52-debug: Run asset db hook engine-extends:afterPreStart success!
2025-7-2 16:29:52-debug: Start up the 'internal' database...
2025-7-2 16:29:52-debug: [Assets Memory track]: asset-db:worker-init: preStart start:174.62MB, end 180.28MB, increase: 5.66MB
2025-7-2 16:29:52-debug: asset-db-hook-programming-afterPreStart (519ms)
2025-7-2 16:29:52-debug: asset-db:worker-effect-data-processing (196ms)
2025-7-2 16:29:52-debug: asset-db-hook-engine-extends-afterPreStart (197ms)
2025-7-2 16:29:52-debug: [Assets Memory track]: asset-db:worker-startup-database[internal] start:174.67MB, end 189.21MB, increase: 14.54MB
2025-7-2 16:29:52-debug: Start up the 'assets' database...
2025-7-2 16:29:52-debug: asset-db:worker-startup-database[internal] (662ms)
2025-7-2 16:29:52-debug: [Assets Memory track]: asset-db:worker-startup-database[assets] start:179.58MB, end 190.79MB, increase: 11.22MB
2025-7-2 16:29:52-debug: lazy register asset handler directory
2025-7-2 16:29:52-debug: [Assets Memory track]: asset-db:worker-init: startup start:180.28MB, end 190.80MB, increase: 10.52MB
2025-7-2 16:29:52-debug: lazy register asset handler *
2025-7-2 16:29:52-debug: lazy register asset handler text
2025-7-2 16:29:52-debug: lazy register asset handler spine-data
2025-7-2 16:29:52-debug: lazy register asset handler dragonbones
2025-7-2 16:29:52-debug: lazy register asset handler dragonbones-atlas
2025-7-2 16:29:52-debug: lazy register asset handler javascript
2025-7-2 16:29:52-debug: lazy register asset handler typescript
2025-7-2 16:29:52-debug: lazy register asset handler json
2025-7-2 16:29:52-debug: lazy register asset handler prefab
2025-7-2 16:29:52-debug: lazy register asset handler sprite-frame
2025-7-2 16:29:52-debug: lazy register asset handler tiled-map
2025-7-2 16:29:52-debug: lazy register asset handler buffer
2025-7-2 16:29:52-debug: lazy register asset handler image
2025-7-2 16:29:52-debug: lazy register asset handler sign-image
2025-7-2 16:29:52-debug: lazy register asset handler alpha-image
2025-7-2 16:29:52-debug: lazy register asset handler texture
2025-7-2 16:29:52-debug: lazy register asset handler texture-cube
2025-7-2 16:29:52-debug: lazy register asset handler erp-texture-cube
2025-7-2 16:29:52-debug: lazy register asset handler render-texture
2025-7-2 16:29:52-debug: lazy register asset handler texture-cube-face
2025-7-2 16:29:52-debug: lazy register asset handler rt-sprite-frame
2025-7-2 16:29:52-debug: lazy register asset handler gltf
2025-7-2 16:29:52-debug: lazy register asset handler gltf-mesh
2025-7-2 16:29:52-debug: lazy register asset handler gltf-animation
2025-7-2 16:29:52-debug: lazy register asset handler gltf-skeleton
2025-7-2 16:29:52-debug: lazy register asset handler scene
2025-7-2 16:29:52-debug: lazy register asset handler gltf-material
2025-7-2 16:29:52-debug: lazy register asset handler gltf-embeded-image
2025-7-2 16:29:52-debug: lazy register asset handler terrain
2025-7-2 16:29:52-debug: lazy register asset handler material
2025-7-2 16:29:52-debug: lazy register asset handler gltf-scene
2025-7-2 16:29:52-debug: lazy register asset handler fbx
2025-7-2 16:29:52-debug: lazy register asset handler audio-clip
2025-7-2 16:29:52-debug: lazy register asset handler animation-clip
2025-7-2 16:29:52-debug: lazy register asset handler animation-graph
2025-7-2 16:29:52-debug: lazy register asset handler animation-graph-variant
2025-7-2 16:29:52-debug: lazy register asset handler animation-mask
2025-7-2 16:29:52-debug: lazy register asset handler ttf-font
2025-7-2 16:29:52-debug: lazy register asset handler physics-material
2025-7-2 16:29:52-debug: lazy register asset handler bitmap-font
2025-7-2 16:29:52-debug: lazy register asset handler effect-header
2025-7-2 16:29:52-debug: lazy register asset handler effect
2025-7-2 16:29:52-debug: lazy register asset handler auto-atlas
2025-7-2 16:29:52-debug: lazy register asset handler label-atlas
2025-7-2 16:29:52-debug: lazy register asset handler render-pipeline
2025-7-2 16:29:52-debug: lazy register asset handler render-stage
2025-7-2 16:29:52-debug: lazy register asset handler render-flow
2025-7-2 16:29:52-debug: lazy register asset handler instantiation-material
2025-7-2 16:29:52-debug: lazy register asset handler instantiation-mesh
2025-7-2 16:29:52-debug: lazy register asset handler instantiation-skeleton
2025-7-2 16:29:52-debug: lazy register asset handler instantiation-animation
2025-7-2 16:29:52-debug: lazy register asset handler video-clip
2025-7-2 16:29:52-debug: lazy register asset handler particle
2025-7-2 16:29:52-debug: lazy register asset handler sprite-atlas
2025-7-2 16:29:52-debug: asset-db:worker-startup-database[assets] (610ms)
2025-7-2 16:29:52-debug: asset-db:ready (7273ms)
2025-7-2 16:29:52-debug: asset-db:start-database (699ms)
2025-7-2 16:29:52-debug: init worker message success
2025-7-2 16:29:52-debug: programming:execute-script (3ms)
2025-7-2 16:29:52-debug: [Build Memory track]: builder:worker-init start:187.65MB, end 197.25MB, increase: 9.59MB
2025-7-2 16:29:52-debug: builder:worker-init (368ms)
